Build started 8/16/2010 11:25:54 AM.
     1>Project "C:\Users\Bobby\Desktop\tutorial5\Tutorial 5\Tutorial 5.vcxproj" on node 2 (build target(s)).
     1>PrepareForBuild:
         Creating directory "C:\Users\Bobby\Desktop\tutorial5\Debug\".
       InitializeBuildStatus:
         Creating "Debug\Tutorial 5.unsuccessfulbuild" because "AlwaysCreate" was specified.
       ClCompile:
         C:\Program Files (x86)\Microsoft Visual Studio 10.0\VC\bin\CL.exe /c /ZI /nologo /W3 /WX- /Od /Oy- /D WIN32 /D _DEBUG /D _WINDOWS /D _MBCS /Gm /EHsc /RTC1 /MDd /GS /fp:precise /Zc:wchar_t /Zc:forScope /Fo"Debug\\" /Fd"Debug\vc100.pdb" /Gd /TP /analyze- /errorReport:prompt winMain.cpp dxManager.cpp
         dxManager.cpp
         winMain.cpp
         Generating Code...
       ManifestResourceCompile:
         C:\Program Files (x86)\Microsoft SDKs\Windows\v7.0A\bin\rc.exe /nologo /fo"Debug\Tutorial 5.exe.embed.manifest.res" "Debug\Tutorial 5_manifest.rc" 
       Link:
         C:\Program Files (x86)\Microsoft Visual Studio 10.0\VC\bin\link.exe /ERRORREPORT:PROMPT /OUT:"C:\Users\Bobby\Desktop\tutorial5\Debug\Tutorial 5.exe" /INCREMENTAL /NOLOGO d3d10.lib d3dx10.lib kernel32.lib user32.lib gdi32.lib winspool.lib comdlg32.lib advapi32.lib shell32.lib ole32.lib oleaut32.lib uuid.lib odbc32.lib odbccp32.lib /MANIFEST /ManifestFile:"Debug\Tutorial 5.exe.intermediate.manifest" /MANIFESTUAC:"level='asInvoker' uiAccess='false'" /DEBUG /PDB:"C:\Users\Bobby\Desktop\tutorial5\Debug\Tutorial 5.pdb" /SUBSYSTEM:WINDOWS /TLBID:1 /DYNAMICBASE /NXCOMPAT /IMPLIB:"C:\Users\Bobby\Desktop\tutorial5\Debug\Tutorial 5.lib" /MACHINE:X86 "Debug\Tutorial 5.exe.embed.manifest.res"
         Debug\winMain.obj
         Debug\dxManager.obj
       Manifest:
         C:\Program Files (x86)\Microsoft SDKs\Windows\v7.0A\bin\mt.exe /nologo /verbose /out:"Debug\Tutorial 5.exe.embed.manifest" /manifest "Debug\Tutorial 5.exe.intermediate.manifest"
         C:\Program Files (x86)\Microsoft SDKs\Windows\v7.0A\bin\rc.exe /nologo /fo"Debug\Tutorial 5.exe.embed.manifest.res" "Debug\Tutorial 5_manifest.rc" 
       LinkEmbedManifest:
         C:\Program Files (x86)\Microsoft Visual Studio 10.0\VC\bin\link.exe /ERRORREPORT:PROMPT /OUT:"C:\Users\Bobby\Desktop\tutorial5\Debug\Tutorial 5.exe" /INCREMENTAL /NOLOGO d3d10.lib d3dx10.lib kernel32.lib user32.lib gdi32.lib winspool.lib comdlg32.lib advapi32.lib shell32.lib ole32.lib oleaut32.lib uuid.lib odbc32.lib odbccp32.lib /MANIFEST /ManifestFile:"Debug\Tutorial 5.exe.intermediate.manifest" /MANIFESTUAC:"level='asInvoker' uiAccess='false'" /DEBUG /PDB:"C:\Users\Bobby\Desktop\tutorial5\Debug\Tutorial 5.pdb" /SUBSYSTEM:WINDOWS /TLBID:1 /DYNAMICBASE /NXCOMPAT /IMPLIB:"C:\Users\Bobby\Desktop\tutorial5\Debug\Tutorial 5.lib" /MACHINE:X86 "Debug\Tutorial 5.exe.embed.manifest.res"
         Debug\winMain.obj
         Debug\dxManager.obj
         Tutorial 5.vcxproj -> C:\Users\Bobby\Desktop\tutorial5\Debug\Tutorial 5.exe
       FinalizeBuildStatus:
         Deleting file "Debug\Tutorial 5.unsuccessfulbuild".
         Touching "Debug\Tutorial 5.lastbuildstate".
     1>Done Building Project "C:\Users\Bobby\Desktop\tutorial5\Tutorial 5\Tutorial 5.vcxproj" (build target(s)).

Build succeeded.

Time Elapsed 00:00:03.29
